app/build/intermediates/manifest_merge_blame_file/debug/manifest-merger-blame-debug-report.txt
1<?xml version="1.0" encoding="utf-8"?>
2<manifest xmlns:android="http://schemas.android.com/apk/res/android"
3    package="com.example.roofonclick"
4    android:versionCode="1"
5    android:versionName="1.0" >
6
7    <uses-sdk
8        android:minSdkVersion="25"
8-->src\main\AndroidManifest.xml
9        android:targetSdkVersion="28" />
9-->src\main\AndroidManifest.xml
10
11    <uses-permission android:name="android.permission.READ_EXTERNAL_STORAGE" />
11-->src\main\AndroidManifest.xml:5:5-79
11-->src\main\AndroidManifest.xml:5:22-77
12    <uses-permission android:name="android.permission.WRITE_EXTERNAL_STORAGE" />
12-->src\main\AndroidManifest.xml:6:5-80
12-->src\main\AndroidManifest.xml:6:22-78
13    <uses-permission android:name="android.permission.CALL_PHONE" />
13-->src\main\AndroidManifest.xml:7:5-68
13-->src\main\AndroidManifest.xml:7:22-66
14    <uses-permission android:name="android.permission.CAMERA" />
14-->src\main\AndroidManifest.xml:8:5-64
14-->src\main\AndroidManifest.xml:8:22-62
15
16    <application
16-->src\main\AndroidManifest.xml:10:5-67:19
17        android:allowBackup="true"
17-->src\main\AndroidManifest.xml:11:9-35
18        android:appComponentFactory="androidx.core.app.CoreComponentFactory"
18-->[androidx.core:core:1.1.0] AndroidManifest.xml:24:18-86
19        android:debuggable="true"
20        android:extractNativeLibs="false"
21        android:icon="@drawable/yellowhomeicon"
21-->src\main\AndroidManifest.xml:12:9-48
22        android:label="@string/app_name"
22-->src\main\AndroidManifest.xml:13:9-41
23        android:largeHeap="true"
23-->src\main\AndroidManifest.xml:16:9-33
24        android:roundIcon="@drawable/yellowhomeicon"
24-->src\main\AndroidManifest.xml:14:9-53
25        android:supportsRtl="true"
25-->src\main\AndroidManifest.xml:15:9-35
26        android:testOnly="true"
27        android:theme="@style/AppTheme" >
27-->src\main\AndroidManifest.xml:17:9-40
28        <activity
28-->src\main\AndroidManifest.xml:19:9-28:20
29            android:name="com.example.roofonclick.Activities.SplashScreenActivity"
29-->src\main\AndroidManifest.xml:19:19-66
30            android:theme="@style/AppTheme" >
30-->src\main\AndroidManifest.xml:20:13-44
31            <intent-filter>
31-->src\main\AndroidManifest.xml:22:13-26:29
32                <action android:name="android.intent.action.MAIN" />
32-->src\main\AndroidManifest.xml:23:17-69
32-->src\main\AndroidManifest.xml:23:25-66
33
34                <category android:name="android.intent.category.LAUNCHER" />
34-->src\main\AndroidManifest.xml:25:17-77
34-->src\main\AndroidManifest.xml:25:27-74
35            </intent-filter>
36        </activity>
37        <activity
37-->src\main\AndroidManifest.xml:30:9-35:20
38            android:name="com.example.roofonclick.Activities.CustomerHomeActivity"
38-->src\main\AndroidManifest.xml:31:13-60
39            android:label="@string/title_activity_customer_home"
39-->src\main\AndroidManifest.xml:32:13-65
40            android:theme="@style/AppTheme.NoActionBar" >
40-->src\main\AndroidManifest.xml:33:13-56
41        </activity>
42        <activity
42-->src\main\AndroidManifest.xml:36:9-41:20
43            android:name="com.example.roofonclick.MainActivity"
43-->src\main\AndroidManifest.xml:37:13-41
44            android:label="@string/app_name"
44-->src\main\AndroidManifest.xml:38:13-45
45            android:theme="@style/AppTheme.NoActionBar" >
45-->src\main\AndroidManifest.xml:39:13-56
46        </activity>
47        <activity
47-->src\main\AndroidManifest.xml:42:9-46:20
48            android:name="com.example.roofonclick.Activities.RegistrationActivity"
48-->src\main\AndroidManifest.xml:43:13-60
49            android:theme="@style/AppTheme" >
49-->src\main\AndroidManifest.xml:44:13-44
50        </activity>
51        <activity
51-->src\main\AndroidManifest.xml:47:9-51:20
52            android:name="com.example.roofonclick.Activities.Login_Activity"
52-->src\main\AndroidManifest.xml:48:13-54
53            android:theme="@style/AppTheme" >
53-->src\main\AndroidManifest.xml:49:13-44
54        </activity>
55        <activity
55-->src\main\AndroidManifest.xml:52:9-56:20
56            android:name="com.example.roofonclick.Activities.Owner_Ativity"
56-->src\main\AndroidManifest.xml:53:13-53
57            android:theme="@style/AppTheme" >
57-->src\main\AndroidManifest.xml:54:13-44
58        </activity>
59        <activity
59-->src\main\AndroidManifest.xml:57:9-59:20
60            android:name="com.example.roofonclick.Activities.CustomerHomeDetailsActivity"
60-->src\main\AndroidManifest.xml:57:19-73
61            android:theme="@style/AppTheme" >
61-->src\main\AndroidManifest.xml:58:13-44
62        </activity>
63        <activity
63-->src\main\AndroidManifest.xml:61:9-63:20
64            android:name="com.example.roofonclick.Activities.CustomerRequestViewActivity"
64-->src\main\AndroidManifest.xml:61:19-73
65            android:theme="@style/AppTheme" >
65-->src\main\AndroidManifest.xml:62:13-44
66        </activity>
67        <activity
67-->src\main\AndroidManifest.xml:65:9-66:56
68            android:name="com.example.roofonclick.Activities.CustomerSearchDetailActivity"
68-->src\main\AndroidManifest.xml:65:19-74
69            android:theme="@style/AppTheme" />
69-->src\main\AndroidManifest.xml:66:13-44
70
71        <provider
71-->[androidx.lifecycle:lifecycle-process:2.0.0] AndroidManifest.xml:23:9-27:43
72            android:name="androidx.lifecycle.ProcessLifecycleOwnerInitializer"
72-->[androidx.lifecycle:lifecycle-process:2.0.0] AndroidManifest.xml:24:13-79
73            android:authorities="com.example.roofonclick.lifecycle-process"
73-->[androidx.lifecycle:lifecycle-process:2.0.0] AndroidManifest.xml:25:13-69
74            android:exported="false"
74-->[androidx.lifecycle:lifecycle-process:2.0.0] AndroidManifest.xml:26:13-37
75            android:multiprocess="true" />
75-->[androidx.lifecycle:lifecycle-process:2.0.0] AndroidManifest.xml:27:13-40
76    </application>
77
78</manifest>